Grabbing thread from lore.kernel.org/all/20241024082735.42324-1-thuth@redhat.com/t.mbox.gz
Checking for newer revisions
Grabbing search results from lore.kernel.org
Analyzing 3 messages in the thread
Looking for additional code-review trailers on lore.kernel.org
Analyzing 0 code-review messages
Checking attestation on all messages, may take a moment...
---
  [32m✓[0m [PATCH 1/2] Revert "Remove the unused sh4eb target"
  [32m✓[0m [PATCH 2/2] tests/functional: Add a test for sh4eb
  ---
  [32m✓[0m Signed: DKIM/redhat.com
---
Total patches: 2
---
Applying: Revert "Remove the unused sh4eb target"
Patch failed at 0001 Revert "Remove the unused sh4eb target"
error: patch failed: .gitlab-ci.d/cirrus.yml:57
error: .gitlab-ci.d/cirrus.yml: patch does not apply
hint: Use 'git am --show-current-patch=diff' to see the failed patch
hint: When you have resolved this problem, run "git am --continue".
hint: If you prefer to skip this patch, run "git am --skip" instead.
hint: To restore the original branch and stop patching, run "git am --abort".
hint: Disable this message with "git config advice.mergeConflict false"
